[debug] [2025-04-06T12:30:17.229Z] ----------------------------------------------------------------------
[debug] [2025-04-06T12:30:17.231Z] Command:       /nix/store/ixbb20farqh1f4fqbmsn6b1ixn8mc8ij-nodejs-20.18.1/bin/node /nix/store/b9a1wqzb1vkh5xd2mrp196csvbgv8j13-firebase-tools-14.0.1/lib/node_modules/firebase-tools/lib/bin/firebase.js init hosting
[debug] [2025-04-06T12:30:17.232Z] CLI Version:   14.0.1
[debug] [2025-04-06T12:30:17.232Z] Platform:      linux
[debug] [2025-04-06T12:30:17.232Z] Node Version:  v20.18.1
[debug] [2025-04-06T12:30:17.232Z] Time:          Sun Apr 06 2025 12:30:17 GMT+0000 (Coordinated Universal Time)
[debug] [2025-04-06T12:30:17.232Z] ----------------------------------------------------------------------
[debug] 
[debug] [2025-04-06T12:30:17.237Z] > command requires scopes: ["email","openid","https://www.googleapis.com/auth/cloudplatformprojects.readonly","https://www.googleapis.com/auth/firebase","https://www.googleapis.com/auth/cloud-platform"]
[debug] [2025-04-06T12:30:17.237Z] > authorizing via signed-in user (pohwanimohit@gmail.com)
[info] 
     ######## #### ########  ######## ########     ###     ######  ########
     ##        ##  ##     ## ##       ##     ##  ##   ##  ##       ##
     ######    ##  ########  ######   ########  #########  ######  ######
     ##        ##  ##    ##  ##       ##     ## ##     ##       ## ##
     ##       #### ##     ## ######## ########  ##     ##  ######  ########

You're about to initialize a Firebase project in this directory:

  /home/user/E-waste-revolution

[info] 
=== Project Setup
[info] 
[info] First, let's associate this project directory with a Firebase project.
[info] You can create multiple project aliases by running firebase use --add, 
[info] but for now we'll just set up a default project.
[info] 
